<?xml version="1.0" encoding="UTF-8"?>
<!-- Generated by org.testng.reporters.JUnitXMLReporter -->
<testsuite ignored="0" hostname="salimsouidi" failures="0" tests="5" name="ChromeTest" time="12.058" errors="0" timestamp="2024-03-07T19:45:01 GMT+01:00">
  <testcase classname="clientTest.LoginClientTest" name="testOnBrowser" time="1.902"/>
  <testcase classname="clientTest.LoginClientTest" name="testOnBrowser" time="1.31"/>
  <testcase classname="clientTest.LoginClientTest" name="testOnBrowser" time="1.408"/>
  <testcase classname="clientTest.LoginClientTest" name="testOnBrowser" time="1.594"/>
  <testcase classname="clientTest.LoginClientTest" name="testOnBrowser" time="1.606"/>
</testsuite> <!-- ChromeTest -->
