<?xml version="1.0" encoding="UTF-8"?>
<!-- Generated by org.testng.reporters.JUnitXMLReporter -->
<testsuite ignored="0" hostname="salimsouidi" failures="0" tests="5" name="ChromeTest" time="10.678" errors="0" timestamp="2024-03-08T21:43:34 GMT+01:00">
  <testcase classname="clientTest.LoginClientTest" name="testOnBrowser" time="1.774"/>
  <testcase classname="clientTest.LoginClientTest" name="testOnBrowser" time="1.401"/>
  <testcase classname="clientTest.LoginClientTest" name="testOnBrowser" time="1.205"/>
  <testcase classname="clientTest.LoginClientTest" name="testOnBrowser" time="1.271"/>
  <testcase classname="clientTest.LoginClientTest" name="testOnBrowser" time="1.395"/>
</testsuite> <!-- ChromeTest -->
