<?xml version="1.0" encoding="UTF-8"?>
<testsuite xmlns:xsi="http://www.w3.org/2001/XMLSchema-instance" xsi:noNamespaceSchemaLocation="https://maven.apache.org/surefire/maven-surefire-plugin/xsd/surefire-test-report-3.0.xsd" version="3.0" name="TestSuite" time="11.401" tests="5" errors="0" skipped="0" failures="0">
  <properties>
[...]
</properties>
  <testcase name="testOnBrowser[amirakh7, amira, 0](1)" classname="clientTest.LoginClientTest" time="1.773">
    <system-err><![CDATA[[main] INFO io.github.bonigarcia.wdm.WebDriverManager - Using chromedriver 122.0.6261.111 (resolved driver for Chrome 122)
[main] INFO io.github.bonigarcia.wdm.WebDriverManager - Exporting webdriver.chrome.driver as C:\Windows\system32\config\systemprofile\.cache\selenium\chromedriver\win64\122.0.6261.111\chromedriver.exe
[main] INFO io.github.bonigarcia.wdm.WebDriverManager - Using msedgedriver 122.0.2365.66 (resolved driver for Edge 122)
[main] INFO io.github.bonigarcia.wdm.WebDriverManager - Exporting webdriver.edge.driver as C:\Windows\system32\config\systemprofile\.cache\selenium\msedgedriver\win64\122.0.2365.66\msedgedriver.exe
]]></system-err>
  </testcase>
  <testcase name="testOnBrowser[dhoha7, dhoha, 1](2)" classname="clientTest.LoginClientTest" time="1.401"/>
  <testcase name="testOnBrowser[fathi7, fathi, 2](3)" classname="clientTest.LoginClientTest" time="1.204"/>
  <testcase name="testOnBrowser[marwa7, marwa, 3](4)" classname="clientTest.LoginClientTest" time="1.27"/>
  <testcase name="testOnBrowser[salimsouidi7, souidi, 4](5)" classname="clientTest.LoginClientTest" time="1.396"/>
</testsuite>