<?xml version="1.0" encoding="UTF-8"?>
<testng-results ignored="0" total="1" passed="1" failed="0" skipped="0">
  <reporter-output>
  </reporter-output>
  <suite started-at="2024-02-23T21:50:41 GMT+01:00" name="Default suite" finished-at="2024-02-23T21:50:47 GMT+01:00" duration-ms="5488">
    <groups>
    </groups>
    <test started-at="2024-02-23T21:50:41 GMT+01:00" name="Default test" finished-at="2024-02-23T21:50:47 GMT+01:00" duration-ms="5488">
      <class name="clientTest.LoginClientTest">
        <test-method is-config="true" signature="config()[pri:0, instance:clientTest.LoginClientTest@710636b0]" started-at="2024-02-23T21:50:41 GMT+01:00" name="config" finished-at="2024-02-23T21:50:45 GMT+01:00" duration-ms="3381" status="PASS">
          <reporter-output>
          </reporter-output>
        </test-method> <!-- config -->
        <test-method signature="loginClienttest()[pri:0, instance:clientTest.LoginClientTest@710636b0]" started-at="2024-02-23T21:50:45 GMT+01:00" name="loginClienttest" finished-at="2024-02-23T21:50:45 GMT+01:00" duration-ms="672" status="PASS">
          <reporter-output>
          </reporter-output>
        </test-method> <!-- loginClienttest -->
        <test-method is-config="true" signature="tearDown()[pri:0, instance:clientTest.LoginClientTest@710636b0]" started-at="2024-02-23T21:50:46 GMT+01:00" name="tearDown" finished-at="2024-02-23T21:50:47 GMT+01:00" duration-ms="1278" status="PASS">
          <reporter-output>
          </reporter-output>
        </test-method> <!-- tearDown -->
      </class> <!-- clientTest.LoginClientTest -->
    </test> <!-- Default test -->
  </suite> <!-- Default suite -->
</testng-results>
