<?xml version="1.0" encoding="UTF-8"?>
<!-- Generated by org.testng.reporters.JUnitXMLReporter -->
<testsuite ignored="0" hostname="salimsouidi" failures="0" tests="5" name="ChromeTest" time="12.181" errors="0" timestamp="2024-03-14T16:41:04 GMT+01:00">
  <testcase classname="clientTest.LoginClientTest" name="testOnBrowser" time="2.315"/>
  <testcase classname="clientTest.LoginClientTest" name="testOnBrowser" time="1.475"/>
  <testcase classname="clientTest.LoginClientTest" name="testOnBrowser" time="1.801"/>
  <testcase classname="clientTest.LoginClientTest" name="testOnBrowser" time="1.634"/>
  <testcase classname="clientTest.LoginClientTest" name="testOnBrowser" time="1.747"/>
</testsuite> <!-- ChromeTest -->
